0 info it worked if it ends with ok
1 verbose cli [ 'c:\\Program Files (x86)\\nodejs\\node.exe',
1 verbose cli   'c:\\Program Files (x86)\\nodejs\\node_modules\\npm\\bin\\npm-cli.js',
1 verbose cli   'start',
1 verbose cli   'server.js' ]
2 info using npm@3.8.2
3 info using node@v4.4.1
4 verbose config Skipping project config: C:\Users\Erik/.npmrc. (matches userconfig)
5 verbose stack Error: ENOENT: no such file or directory, open 'C:\Users\Erik\package.json'
5 verbose stack     at Error (native)
6 verbose cwd C:\Users\Erik\Desktop\EmpProdJS
7 error Windows_NT 10.0.10586
8 error argv "c:\\Program Files (x86)\\nodejs\\node.exe" "c:\\Program Files (x86)\\nodejs\\node_modules\\npm\\bin\\npm-cli.js" "start" "server.js"
9 error node v4.4.1
10 error npm  v3.8.2
11 error path C:\Users\Erik\package.json
12 error code ENOENT
13 error errno -4058
14 error syscall open
15 error enoent ENOENT: no such file or directory, open 'C:\Users\Erik\package.json'
16 error enoent ENOENT: no such file or directory, open 'C:\Users\Erik\package.json'
16 error enoent This is most likely not a problem with npm itself
16 error enoent and is related to npm not being able to find a file.
17 verbose exit [ -4058, true ]
